<?xml version="1.0" encoding="UTF-8"?>
<!-- Generated by org.testng.reporters.JUnitXMLReporter -->
<testsuite ignored="0" hostname="Mainaks-MacBook-Air.local" failures="2" tests="13" name="loginfromxml" time="0.118" errors="0" timestamp="2022-05-08T19:55:09 IST">
  <testcase classname="TestNG.TestNGKrishna" name="p1" time="0.008"/>
  <testcase classname="TestNG.TestNGKrishna" name="BPV2_1000_001" time="0.001"/>
  <testcase classname="TestNG.TestNGKrishna" name="include1" time="0.001"/>
  <testcase classname="TestNG.TestNGKrishna" name="include2" time="0.002"/>
  <testcase classname="TestNG.TestNGKrishna" name="include3" time="0.004">
    <failure type="java.lang.AssertionError" message="expected [null] but found [false]">
      <![CDATA[java.lang.AssertionError: expected [null] but found [false]
at TestNG.TestNGKrishna.include3(TestNGKrishna.java:82)
at java.base/java.util.ArrayList.forEach(ArrayList.java:1511)
... Removed 32 stack frames]]>
    </failure>
  </testcase> <!-- include3 -->
  <testcase classname="TestNG.TestNGKrishna" name="logindP" time="0.003"/>
  <testcase classname="TestNG.TestNGKrishna" name="logindP" time="0.002"/>
  <testcase classname="TestNG.TestNGKrishna" name="logindP" time="0.002"/>
  <testcase classname="TestNG.TestNGKrishna" name="loginfromxml" time="0.0">
    <failure type="org.testng.TestNGException" message="
Parameter &amp;apos;name&amp;apos; is required by @Test on method loginfromxml but has not been marked @Optional or defined
in /Users/mainakmukherjee/Eclipse/Eclipse Workspace/Krishna_Selenium/Sanity.xml">
      <![CDATA[org.testng.TestNGException: 
Parameter 'name' is required by @Test on method loginfromxml but has not been marked @Optional or defined
in /Users/mainakmukherjee/Eclipse/Eclipse Workspace/Krishna_Selenium/Sanity.xml
at java.base/java.util.ArrayList.forEach(ArrayList.java:1511)
... Removed 26 stack frames]]>
    </failure>
  </testcase> <!-- loginfromxml -->
  <testcase classname="TestNG.TestNGKrishna" name="p0" time="0.001"/>
  <testcase classname="TestNG.TestNGKrishna" name="z_test1" time="0.003"/>
  <testcase classname="TestNG.TestNGKrishna" name="a_test2" time="0.003"/>
  <testcase classname="TestNG.TestNGKrishna" name="p2" time="0.0"/>
</testsuite> <!-- loginfromxml -->
