<html>
<head>
<title>TestNG:  loginfromxml</title>
<link href="../testng.css" rel="stylesheet" type="text/css" />
<link href="../my-testng.css" rel="stylesheet" type="text/css" />

<style type="text/css">
.log { display: none;} 
.stack-trace { display: none;} 
</style>
<script type="text/javascript">
<!--
function flip(e) {
  current = e.style.display;
  if (current == 'block') {
    e.style.display = 'none';
    return 0;
  }
  else {
    e.style.display = 'block';
    return 1;
  }
}

function toggleBox(szDivId, elem, msg1, msg2)
{
  var res = -1;  if (document.getElementById) {
    res = flip(document.getElementById(szDivId));
  }
  else if (document.all) {
    // this is the way old msie versions work
    res = flip(document.all[szDivId]);
  }
  if(elem) {
    if(res == 0) elem.innerHTML = msg1; else elem.innerHTML = msg2;
  }

}

function toggleAllBoxes() {
  if (document.getElementsByTagName) {
    d = document.getElementsByTagName('div');
    for (i = 0; i < d.length; i++) {
      if (d[i].className == 'log') {
        flip(d[i]);
      }
    }
  }
}

// -->
</script>

</head>
<body>
<h2 align='center'>loginfromxml</h2><table border='1' align="center">
<tr>
<td>Tests passed/Failed/Skipped:</td><td>11/2/0</td>
</tr><tr>
<td>Started on:</td><td>Sun May 08 19:55:09 IST 2022</td>
</tr>
<tr><td>Total time:</td><td>0 seconds (118 ms)</td>
</tr><tr>
<td>Included groups:</td><td></td>
</tr><tr>
<td>Excluded groups:</td><td></td>
</tr>
</table><p/>
<small><i>(Hover the method name to see the test class name)</i></small><p/>
<table width='100%' border='1' class='invocation-failed'>
<tr><td colspan='4' align='center'><b>FAILED TESTS</b></td></tr>
<tr><td><b>Test method</b></td>
<td width="30%"><b>Exception</b></td>
<td width="10%"><b>Time (seconds)</b></td>
<td><b>Instance</b></td>
</tr>
<tr>
<td title='TestNG.TestNGKrishna.include3()'><b>include3</b><br>Test class: TestNG.TestNGKrishna</td>
<td><div><pre>java.lang.AssertionError: expected [null] but found [false]
	at TestNG.TestNGKrishna.include3(TestNGKrishna.java:82)
	at java.base/java.util.ArrayList.forEach(ArrayList.java:1511)
... Removed 32 stack frames</pre></div><a href='#' onClick='toggleBox("stack-trace1658699134", this, "Click to show all stack frames", "Click to hide stack frames")'>Click to show all stack frames</a>
<div class='stack-trace' id='stack-trace1658699134'><pre>java.lang.AssertionError: expected [null] but found [false]
	at org.testng.Assert.fail(Assert.java:110)
	at org.testng.Assert.failNotEquals(Assert.java:1413)
	at org.testng.Assert.assertEqualsImpl(Assert.java:149)
	at org.testng.Assert.assertEquals(Assert.java:131)
	at org.testng.Assert.assertEquals(Assert.java:1030)
	at TestNG.TestNGKrishna.include3(TestNGKrishna.java:82)
	at java.base/jdk.internal.reflect.NativeMethodAccessorImpl.invoke0(Native Method)
	at java.base/jdk.internal.reflect.NativeMethodAccessorImpl.invoke(NativeMethodAccessorImpl.java:78)
	at java.base/jdk.internal.reflect.DelegatingMethodAccessorImpl.invoke(DelegatingMethodAccessorImpl.java:43)
	at java.base/java.lang.reflect.Method.invoke(Method.java:567)
	at org.testng.internal.invokers.MethodInvocationHelper.invokeMethod(MethodInvocationHelper.java:135)
	at org.testng.internal.invokers.TestInvoker.invokeMethod(TestInvoker.java:673)
	at org.testng.internal.invokers.TestInvoker.invokeTestMethod(TestInvoker.java:220)
	at org.testng.internal.invokers.MethodRunner.runInSequence(MethodRunner.java:50)
	at org.testng.internal.invokers.TestInvoker$MethodInvocationAgent.invoke(TestInvoker.java:945)
	at org.testng.internal.invokers.TestInvoker.invokeTestMethods(TestInvoker.java:193)
	at org.testng.internal.invokers.TestMethodWorker.invokeTestMethods(TestMethodWorker.java:146)
	at org.testng.internal.invokers.TestMethodWorker.run(TestMethodWorker.java:128)
	at java.base/java.util.ArrayList.forEach(ArrayList.java:1511)
	at org.testng.TestRunner.privateRun(TestRunner.java:808)
	at org.testng.TestRunner.run(TestRunner.java:603)
	at org.testng.SuiteRunner.runTest(SuiteRunner.java:429)
	at org.testng.SuiteRunner.runSequentially(SuiteRunner.java:423)
	at org.testng.SuiteRunner.privateRun(SuiteRunner.java:383)
	at org.testng.SuiteRunner.run(SuiteRunner.java:326)
	at org.testng.SuiteRunnerWorker.runSuite(SuiteRunnerWorker.java:52)
	at org.testng.SuiteRunnerWorker.run(SuiteRunnerWorker.java:95)
	at org.testng.TestNG.runSuitesSequentially(TestNG.java:1249)
	at org.testng.TestNG.runSuitesLocally(TestNG.java:1169)
	at org.testng.TestNG.runSuites(TestNG.java:1092)
	at org.testng.TestNG.run(TestNG.java:1060)
	at org.testng.remote.AbstractRemoteTestNG.run(AbstractRemoteTestNG.java:115)
	at org.testng.remote.RemoteTestNG.initAndRun(RemoteTestNG.java:251)
	at org.testng.remote.RemoteTestNG.main(RemoteTestNG.java:77)
</pre></div></td>
<td>0</td>
<td>TestNG.TestNGKrishna@7e0b85f9</td></tr>
<tr>
<td title='TestNG.TestNGKrishna.loginfromxml()'><b>loginfromxml</b><br>Test class: TestNG.TestNGKrishna</td>
<td><div><pre>org.testng.TestNGException: 
Parameter &apos;name&apos; is required by @Test on method loginfromxml but has not been marked @Optional or defined
in /Users/mainakmukherjee/Eclipse/Eclipse Workspace/Krishna_Selenium/Sanity.xml
	at java.base/java.util.ArrayList.forEach(ArrayList.java:1511)
... Removed 26 stack frames</pre></div><a href='#' onClick='toggleBox("stack-trace471579726", this, "Click to show all stack frames", "Click to hide stack frames")'>Click to show all stack frames</a>
<div class='stack-trace' id='stack-trace471579726'><pre>org.testng.TestNGException: 
Parameter &apos;name&apos; is required by @Test on method loginfromxml but has not been marked @Optional or defined
in /Users/mainakmukherjee/Eclipse/Eclipse Workspace/Krishna_Selenium/Sanity.xml
	at org.testng.internal.Parameters.createParams(Parameters.java:267)
	at org.testng.internal.Parameters.createParametersForMethod(Parameters.java:355)
	at org.testng.internal.Parameters.createParameters(Parameters.java:660)
	at org.testng.internal.Parameters.handleParameters(Parameters.java:856)
	at org.testng.internal.Parameters.handleParameters(Parameters.java:704)
	at org.testng.internal.invokers.ParameterHandler.handleParameters(ParameterHandler.java:70)
	at org.testng.internal.invokers.ParameterHandler.createParameters(ParameterHandler.java:49)
	at org.testng.internal.invokers.TestInvoker$MethodInvocationAgent.invoke(TestInvoker.java:904)
	at org.testng.internal.invokers.TestInvoker.invokeTestMethods(TestInvoker.java:193)
	at org.testng.internal.invokers.TestMethodWorker.invokeTestMethods(TestMethodWorker.java:146)
	at org.testng.internal.invokers.TestMethodWorker.run(TestMethodWorker.java:128)
	at java.base/java.util.ArrayList.forEach(ArrayList.java:1511)
	at org.testng.TestRunner.privateRun(TestRunner.java:808)
	at org.testng.TestRunner.run(TestRunner.java:603)
	at org.testng.SuiteRunner.runTest(SuiteRunner.java:429)
	at org.testng.SuiteRunner.runSequentially(SuiteRunner.java:423)
	at org.testng.SuiteRunner.privateRun(SuiteRunner.java:383)
	at org.testng.SuiteRunner.run(SuiteRunner.java:326)
	at org.testng.SuiteRunnerWorker.runSuite(SuiteRunnerWorker.java:52)
	at org.testng.SuiteRunnerWorker.run(SuiteRunnerWorker.java:95)
	at org.testng.TestNG.runSuitesSequentially(TestNG.java:1249)
	at org.testng.TestNG.runSuitesLocally(TestNG.java:1169)
	at org.testng.TestNG.runSuites(TestNG.java:1092)
	at org.testng.TestNG.run(TestNG.java:1060)
	at org.testng.remote.AbstractRemoteTestNG.run(AbstractRemoteTestNG.java:115)
	at org.testng.remote.RemoteTestNG.initAndRun(RemoteTestNG.java:251)
	at org.testng.remote.RemoteTestNG.main(RemoteTestNG.java:77)
</pre></div></td>
<td>0</td>
<td>TestNG.TestNGKrishna@7e0b85f9</td></tr>
</table><p>
<table width='100%' border='1' class='invocation-passed'>
<tr><td colspan='4' align='center'><b>PASSED TESTS</b></td></tr>
<tr><td><b>Test method</b></td>
<td width="30%"><b>Exception</b></td>
<td width="10%"><b>Time (seconds)</b></td>
<td><b>Instance</b></td>
</tr>
<tr>
<td title='TestNG.TestNGKrishna.include1()'><b>include1</b><br>Test class: TestNG.TestNGKrishna</td>
<td></td>
<td>0</td>
<td>TestNG.TestNGKrishna@7e0b85f9</td></tr>
<tr>
<td title='TestNG.TestNGKrishna.p2()'><b>p2</b><br>Test class: TestNG.TestNGKrishna</td>
<td></td>
<td>0</td>
<td>TestNG.TestNGKrishna@7e0b85f9</td></tr>
<tr>
<td title='TestNG.TestNGKrishna.p0()'><b>p0</b><br>Test class: TestNG.TestNGKrishna</td>
<td></td>
<td>0</td>
<td>TestNG.TestNGKrishna@7e0b85f9</td></tr>
<tr>
<td title='TestNG.TestNGKrishna.z_test1()'><b>z_test1</b><br>Test class: TestNG.TestNGKrishna</td>
<td></td>
<td>0</td>
<td>TestNG.TestNGKrishna@7e0b85f9</td></tr>
<tr>
<td title='TestNG.TestNGKrishna.include2()'><b>include2</b><br>Test class: TestNG.TestNGKrishna</td>
<td></td>
<td>0</td>
<td>TestNG.TestNGKrishna@7e0b85f9</td></tr>
<tr>
<td title='TestNG.TestNGKrishna.p1()'><b>p1</b><br>Test class: TestNG.TestNGKrishna</td>
<td></td>
<td>0</td>
<td>TestNG.TestNGKrishna@7e0b85f9</td></tr>
<tr>
<td title='TestNG.TestNGKrishna.logindP()'><b>logindP</b><br>Test class: TestNG.TestNGKrishna<br>Parameters: positiveemailaddress, positivepassword</td>
<td></td>
<td>0</td>
<td>TestNG.TestNGKrishna@7e0b85f9</td></tr>
<tr>
<td title='TestNG.TestNGKrishna.logindP()'><b>logindP</b><br>Test class: TestNG.TestNGKrishna<br>Parameters: negetiveemailaddress, positivepassword</td>
<td></td>
<td>0</td>
<td>TestNG.TestNGKrishna@7e0b85f9</td></tr>
<tr>
<td title='TestNG.TestNGKrishna.logindP()'><b>logindP</b><br>Test class: TestNG.TestNGKrishna<br>Parameters: positiveemailaddress, negetivepassword</td>
<td></td>
<td>0</td>
<td>TestNG.TestNGKrishna@7e0b85f9</td></tr>
<tr>
<td title='TestNG.TestNGKrishna.a_test2()'><b>a_test2</b><br>Test class: TestNG.TestNGKrishna</td>
<td></td>
<td>0</td>
<td>TestNG.TestNGKrishna@7e0b85f9</td></tr>
<tr>
<td title='TestNG.TestNGKrishna.BPV2_1000_001()'><b>BPV2_1000_001</b><br>Test class: TestNG.TestNGKrishna</td>
<td></td>
<td>0</td>
<td>TestNG.TestNGKrishna@7e0b85f9</td></tr>
</table><p>
</body>
</html>